# JRE version: Java(TM) SE Runtime Environment (8.0_45-b15) (build 1.8.0_45-b15)
# Java VM: Java HotSpot(TM) 64-Bit Server VM (25.45-b02 mixed mode windows-amd64 compressed oops)
Heap:
 PSYoungGen      total 87552K, used 50767K [0x00000000d5f00000, 0x00000000dee00000, 0x0000000100000000)
  eden space 32768K, 58% used [0x00000000d5f00000,0x00000000d71ad3f8,0x00000000d7f00000)
  from space 54784K, 57% used [0x00000000db880000,0x00000000dd766a68,0x00000000dee00000)
  to   space 56832K, 0% used [0x00000000d7f00000,0x00000000d7f00000,0x00000000db680000)
 ParOldGen       total 71680K, used 49999K [0x0000000081c00000, 0x0000000086200000, 0x00000000d5f00000)
  object space 71680K, 69% used [0x0000000081c00000,0x0000000084cd3e80,0x0000000086200000)
 Metaspace       used 24136K, capacity 25750K, committed 25984K, reserved 1071104K
  class space    used 3319K, capacity 3602K, committed 3712K, reserved 1048576K
GC Heap History (10 events):
Event: 170.244 GC heap before
{Heap before GC invocations=23 (full 1):
 PSYoungGen      total 75264K, used 66617K [0x00000000d5f00000, 0x00000000de080000, 0x0000000100000000)
  eden space 26112K, 100% used [0x00000000d5f00000,0x00000000d7880000,0x00000000d7880000)
  from space 49152K, 82% used [0x00000000d7880000,0x00000000da00e750,0x00000000da880000)
  to   space 53248K, 0% used [0x00000000dac80000,0x00000000dac80000,0x00000000de080000)
 ParOldGen       total 71680K, used 27868K [0x0000000081c00000, 0x0000000086200000, 0x00000000d5f00000)
  object space 71680K, 38% used [0x0000000081c00000,0x00000000837370d0,0x0000000086200000)
 Metaspace       used 24038K, capacity 25594K, committed 25728K, reserved 1071104K
  class space    used 3318K, capacity 3602K, committed 3712K, reserved 1048576K
Event: 170.274 GC heap after
Heap after GC invocations=23 (full 1):
 PSYoungGen      total 75776K, used 42129K [0x00000000d5f00000, 0x00000000dee00000, 0x0000000100000000)
  eden space 22528K, 0% used [0x00000000d5f00000,0x00000000d5f00000,0x00000000d7500000)
  from space 53248K, 79% used [0x00000000dac80000,0x00000000dd5a46b0,0x00000000de080000)
  to   space 56832K, 0% used [0x00000000d7500000,0x00000000d7500000,0x00000000dac80000)
 ParOldGen       total 71680K, used 27916K [0x0000000081c00000, 0x0000000086200000, 0x00000000d5f00000)
  object space 71680K, 38% used [0x0000000081c00000,0x00000000837430d0,0x0000000086200000)
 Metaspace       used 24038K, capacity 25594K, committed 25728K, reserved 1071104K
  class space    used 3318K, capacity 3602K, committed 3712K, reserved 1048576K
}
Event: 171.852 GC heap before
{Heap before GC invocations=24 (full 1):
 PSYoungGen      total 75776K, used 64657K [0x00000000d5f00000, 0x00000000dee00000, 0x0000000100000000)
  eden space 22528K, 100% used [0x00000000d5f00000,0x00000000d7500000,0x00000000d7500000)
  from space 53248K, 79% used [0x00000000dac80000,0x00000000dd5a46b0,0x00000000de080000)
  to   space 56832K, 0% used [0x00000000d7500000,0x00000000d7500000,0x00000000dac80000)
 ParOldGen       total 71680K, used 27916K [0x0000000081c00000, 0x0000000086200000, 0x00000000d5f00000)
  object space 71680K, 38% used [0x0000000081c00000,0x00000000837430d0,0x0000000086200000)
 Metaspace       used 24043K, capacity 25594K, committed 25728K, reserved 1071104K
  class space    used 3319K, capacity 3602K, committed 3712K, reserved 1048576K
Event: 171.870 GC heap after
Heap after GC invocations=24 (full 1):
 PSYoungGen      total 79360K, used 43212K [0x00000000d5f00000, 0x00000000df000000, 0x0000000100000000)
  eden space 22528K, 0% used [0x00000000d5f00000,0x00000000d5f00000,0x00000000d7500000)
  from space 56832K, 76% used [0x00000000d7500000,0x00000000d9f33318,0x00000000dac80000)
  to   space 60416K, 0% used [0x00000000db500000,0x00000000db500000,0x00000000df000000)
 ParOldGen       total 71680K, used 32071K [0x0000000081c00000, 0x0000000086200000, 0x00000000d5f00000)
  object space 71680K, 44% used [0x0000000081c00000,0x0000000083b51e80,0x0000000086200000)
 Metaspace       used 24043K, capacity 25594K, committed 25728K, reserved 1071104K
  class space    used 3319K, capacity 3602K, committed 3712K, reserved 1048576K
}
Event: 172.523 GC heap before
{Heap before GC invocations=25 (full 1):
 PSYoungGen      total 79360K, used 65740K [0x00000000d5f00000, 0x00000000df000000, 0x0000000100000000)
  eden space 22528K, 100% used [0x00000000d5f00000,0x00000000d7500000,0x00000000d7500000)
  from space 56832K, 76% used [0x00000000d7500000,0x00000000d9f33318,0x00000000dac80000)
  to   space 60416K, 0% used [0x00000000db500000,0x00000000db500000,0x00000000df000000)
 ParOldGen       total 71680K, used 32071K [0x0000000081c00000, 0x0000000086200000, 0x00000000d5f00000)
  object space 71680K, 44% used [0x0000000081c00000,0x0000000083b51e80,0x0000000086200000)
 Metaspace       used 24043K, capacity 25594K, committed 25728K, reserved 1071104K
  class space    used 3319K, capacity 3602K, committed 3712K, reserved 1048576K
Event: 172.543 GC heap after
Heap after GC invocations=25 (full 1):
 PSYoungGen      total 88064K, used 35635K [0x00000000d5f00000, 0x00000000def80000, 0x0000000100000000)
  eden space 28160K, 0% used [0x00000000d5f00000,0x00000000d5f00000,0x00000000d7a80000)
  from space 59904K, 59% used [0x00000000db500000,0x00000000dd7cccf0,0x00000000def80000)
  to   space 59904K, 0% used [0x00000000d7a80000,0x00000000d7a80000,0x00000000db500000)
 ParOldGen       total 71680K, used 38791K [0x0000000081c00000, 0x0000000086200000, 0x00000000d5f00000)
  object space 71680K, 54% used [0x0000000081c00000,0x00000000841e1e80,0x0000000086200000)
 Metaspace       used 24043K, capacity 25594K, committed 25728K, reserved 1071104K
  class space    used 3319K, capacity 3602K, committed 3712K, reserved 1048576K
}
Event: 174.464 GC heap before
{Heap before GC invocations=26 (full 1):
 PSYoungGen      total 88064K, used 63795K [0x00000000d5f00000, 0x00000000def80000, 0x0000000100000000)
  eden space 28160K, 100% used [0x00000000d5f00000,0x00000000d7a80000,0x00000000d7a80000)
  from space 59904K, 59% used [0x00000000db500000,0x00000000dd7cccf0,0x00000000def80000)
  to   space 59904K, 0% used [0x00000000d7a80000,0x00000000d7a80000,0x00000000db500000)
 ParOldGen       total 71680K, used 38791K [0x0000000081c00000, 0x0000000086200000, 0x00000000d5f00000)
  object space 71680K, 54% used [0x0000000081c00000,0x00000000841e1e80,0x0000000086200000)
 Metaspace       used 24071K, capacity 25622K, committed 25984K, reserved 1071104K
  class space    used 3319K, capacity 3602K, committed 3712K, reserved 1048576K
Event: 174.482 GC heap after
Heap after GC invocations=26 (full 1):
 PSYoungGen      total 88064K, used 33365K [0x00000000d5f00000, 0x00000000df180000, 0x0000000100000000)
  eden space 28160K, 0% used [0x00000000d5f00000,0x00000000d5f00000,0x00000000d7a80000)
  from space 59904K, 55% used [0x00000000d7a80000,0x00000000d9b15460,0x00000000db500000)
  to   space 58368K, 0% used [0x00000000db880000,0x00000000db880000,0x00000000df180000)
 ParOldGen       total 71680K, used 44247K [0x0000000081c00000, 0x0000000086200000, 0x00000000d5f00000)
  object space 71680K, 61% used [0x0000000081c00000,0x0000000084735e80,0x0000000086200000)
 Metaspace       used 24071K, capacity 25622K, committed 25984K, reserved 1071104K
  class space    used 3319K, capacity 3602K, committed 3712K, reserved 1048576K
}
Event: 183.773 GC heap before
{Heap before GC invocations=27 (full 1):
 PSYoungGen      total 88064K, used 61525K [0x00000000d5f00000, 0x00000000df180000, 0x0000000100000000)
  eden space 28160K, 100% used [0x00000000d5f00000,0x00000000d7a80000,0x00000000d7a80000)
  from space 59904K, 55% used [0x00000000d7a80000,0x00000000d9b15460,0x00000000db500000)
  to   space 58368K, 0% used [0x00000000db880000,0x00000000db880000,0x00000000df180000)
 ParOldGen       total 71680K, used 44247K [0x0000000081c00000, 0x0000000086200000, 0x00000000d5f00000)
  object space 71680K, 61% used [0x0000000081c00000,0x0000000084735e80,0x0000000086200000)
 Metaspace       used 24133K, capacity 25686K, committed 25984K, reserved 1071104K
  class space    used 3319K, capacity 3602K, committed 3712K, reserved 1048576K
Event: 183.792 GC heap after
Heap after GC invocations=27 (full 1):
 PSYoungGen      total 87552K, used 31642K [0x00000000d5f00000, 0x00000000dee00000, 0x0000000100000000)
  eden space 32768K, 0% used [0x00000000d5f00000,0x00000000d5f00000,0x00000000d7f00000)
  from space 54784K, 57% used [0x00000000db880000,0x00000000dd766a68,0x00000000dee00000)
  to   space 56832K, 0% used [0x00000000d7f00000,0x00000000d7f00000,0x00000000db680000)
 ParOldGen       total 71680K, used 49999K [0x0000000081c00000, 0x0000000086200000, 0x00000000d5f00000)
  object space 71680K, 69% used [0x0000000081c00000,0x0000000084cd3e80,0x0000000086200000)
 Metaspace       used 24133K, capacity 25686K, committed 25984K, reserved 1071104K
  class space    used 3319K, capacity 3602K, committed 3712K, reserved 1048576K
}

